[消息]	2014-01-14 11:24:52	载入终端配置文件......
[消息]	2014-01-14 11:24:52	正在连接更新服务器......
[消息]	2014-01-14 11:24:52	正在下载更新文件列表......
[消息]	2014-01-14 11:24:52	获取XML数据长度：33555
[消息]	2014-01-14 11:24:52	开始写入XML数据
[消息]	2014-01-14 11:24:52	写入E:\襄阳医院\LandiRemoteClient\LandiRemoteClient\bin\Debug\AutoUpdaterList.xml  数据成功
[消息]	2014-01-14 11:24:52	正在与本地文件进行比较......
[消息]	2014-01-14 11:24:52	正在与本地文件进行比较结束
[消息]	2014-01-14 11:24:52	下载所有需要更新的文件......
[消息]	2014-01-14 11:24:52	开始下载更新文件
[消息]	2014-01-14 11:24:52	开始下载更新文件结束
[消息]	2014-01-14 11:24:52	更新文件成功！
[消息]	2014-01-14 11:26:02	载入终端配置文件......
[消息]	2014-01-14 11:26:02	正在连接更新服务器......
[消息]	2014-01-14 11:26:02	正在下载更新文件列表......
[消息]	2014-01-14 11:26:02	获取XML数据长度：33555
[消息]	2014-01-14 11:26:02	开始写入XML数据
[消息]	2014-01-14 11:26:02	写入E:\襄阳医院\LandiRemoteClient\LandiRemoteClient\bin\Debug\AutoUpdaterList.xml  数据成功
[消息]	2014-01-14 11:26:02	正在与本地文件进行比较......
[消息]	2014-01-14 11:26:02	正在与本地文件进行比较结束
[消息]	2014-01-14 11:26:02	下载所有需要更新的文件......
[消息]	2014-01-14 11:26:02	开始下载更新文件
[消息]	2014-01-14 11:26:02	开始下载更新文件结束
[消息]	2014-01-14 11:26:02	更新文件成功！
[消息]	2014-01-14 11:26:42	载入终端配置文件......
[消息]	2014-01-14 11:26:42	正在连接更新服务器......
[消息]	2014-01-14 11:26:42	正在下载更新文件列表......
[消息]	2014-01-14 11:26:42	获取XML数据长度：33555
[消息]	2014-01-14 11:26:42	开始写入XML数据
[消息]	2014-01-14 11:26:42	写入E:\襄阳医院\LandiRemoteClient\LandiRemoteClient\bin\Debug\AutoUpdaterList.xml  数据成功
[消息]	2014-01-14 11:26:42	正在与本地文件进行比较......
[消息]	2014-01-14 11:26:42	D:\银医通\HospService.exe不符
[消息]	2014-01-14 11:26:42	正在与本地文件进行比较结束
[消息]	2014-01-14 11:26:42	下载所有需要更新的文件......
[消息]	2014-01-14 11:26:42	开始下载更新文件
[消息]	2014-01-14 11:26:42	正在下载更新文件C:\LandiUpdateTmp\HospService.exe.update
[消息]	2014-01-14 11:26:42	正在下载更新文件C:\LandiUpdateTmp\HospService.exe.update成功
[消息]	2014-01-14 11:26:42	开始下载更新文件结束
[消息]	2014-01-14 11:26:42	更新文件成功！
[消息]	2014-01-14 11:27:18	载入终端配置文件......
[消息]	2014-01-14 11:27:18	正在连接更新服务器......
[消息]	2014-01-14 11:27:18	正在下载更新文件列表......
[消息]	2014-01-14 11:27:18	获取XML数据长度：33555
[消息]	2014-01-14 11:27:18	开始写入XML数据
[消息]	2014-01-14 11:27:18	写入E:\襄阳医院\LandiRemoteClient\LandiRemoteClient\bin\Debug\AutoUpdaterList.xml  数据成功
[消息]	2014-01-14 11:27:18	正在与本地文件进行比较......
[消息]	2014-01-14 11:27:18	正在与本地文件进行比较结束
[消息]	2014-01-14 11:27:18	下载所有需要更新的文件......
[消息]	2014-01-14 11:27:18	开始下载更新文件
[消息]	2014-01-14 11:27:18	开始下载更新文件结束
[消息]	2014-01-14 11:27:18	更新文件成功！
[消息]	2014-01-14 11:29:45	载入终端配置文件......
[消息]	2014-01-14 11:29:45	正在连接更新服务器......
[消息]	2014-01-14 11:29:46	正在下载更新文件列表......
[消息]	2014-01-14 11:29:46	获取XML数据长度：33555
[消息]	2014-01-14 11:29:46	开始写入XML数据
[消息]	2014-01-14 11:29:46	写入E:\襄阳医院\LandiRemoteClient\LandiRemoteClient\bin\Debug\AutoUpdaterList.xml  数据成功
[消息]	2014-01-14 11:29:46	正在与本地文件进行比较......
[消息]	2014-01-14 11:29:46	正在与本地文件进行比较结束
[消息]	2014-01-14 11:29:46	下载所有需要更新的文件......
[消息]	2014-01-14 11:29:46	开始下载更新文件
[消息]	2014-01-14 11:29:46	开始下载更新文件结束
[消息]	2014-01-14 11:29:46	更新文件成功！
